2025-12-11 10:14:04,290 ERROR Unhandled exception
Traceback (most recent call last):
  File "C:\Projects\py\IS-for-accounting-for-GYM-customers\src\main_window.py", line 31, in switch_to_service_window
    self.service_window = ServiceForm()
                          ~~~~~~~~~~~^^
  File "C:\Projects\py\IS-for-accounting-for-GYM-customers\src\views\service_window.py", line 36, in __init__
    self.load_services()
    ~~~~~~~~~~~~~~~~~~^^
  File "C:\Projects\py\IS-for-accounting-for-GYM-customers\src\views\service_window.py", line 109, in load_services
    services = service_model.get_all_services()
               ^^^^^^^^^^^^^^^^^^^^^^^^^^^^^^
AttributeError: module 'src.models.services' has no attribute 'get_all_services'
2025-12-11 10:19:57,593 ERROR Unhandled exception
Traceback (most recent call last):
  File "C:\Projects\py\IS-for-accounting-for-GYM-customers\src\main_window.py", line 31, in switch_to_service_window
    self.service_window = ServiceForm()
                          ~~~~~~~~~~~^^
  File "C:\Projects\py\IS-for-accounting-for-GYM-customers\src\views\service_window.py", line 36, in __init__
    self.load_services()
    ~~~~~~~~~~~~~~~~~~^^
  File "C:\Projects\py\IS-for-accounting-for-GYM-customers\src\views\service_window.py", line 109, in load_services
    services = service_model.get_all_services()
               ^^^^^^^^^^^^^^^^^^^^^^^^^^^^^^
AttributeError: module 'src.models.services' has no attribute 'get_all_services'
2025-12-11 10:22:07,602 ERROR Unhandled exception
Traceback (most recent call last):
  File "C:\Projects\py\IS-for-accounting-for-GYM-customers\src\main_window.py", line 31, in switch_to_service_window
    self.service_window = ServiceForm()
                          ~~~~~~~~~~~^^
  File "C:\Projects\py\IS-for-accounting-for-GYM-customers\src\views\service_window.py", line 36, in __init__
    self.load_services()
    ~~~~~~~~~~~~~~~~~~^^
  File "C:\Projects\py\IS-for-accounting-for-GYM-customers\src\views\service_window.py", line 109, in load_services
    services = service_model.get_all()
               ^^^^^^^^^^^^^^^^^^^^^
AttributeError: module 'src.models.services' has no attribute 'get_all'
2025-12-11 10:25:26,758 ERROR Unhandled exception
Traceback (most recent call last):
  File "C:\Projects\py\IS-for-accounting-for-GYM-customers\src\views\service_window.py", line 305, in on_schedule_clicked
    from src.views.schedule_window import ScheduleWindow
  File "C:\Projects\py\IS-for-accounting-for-GYM-customers\src\views\schedule_window.py", line 13, in <module>
    from src.models.trainers import Trainer
ImportError: cannot import name 'Trainer' from 'src.models.trainers' (C:\Projects\py\IS-for-accounting-for-GYM-customers\src\models\trainers.py)
2025-12-11 10:25:28,874 ERROR Unhandled exception
Traceback (most recent call last):
  File "C:\Projects\py\IS-for-accounting-for-GYM-customers\src\views\service_window.py", line 305, in on_schedule_clicked
    from src.views.schedule_window import ScheduleWindow
  File "C:\Projects\py\IS-for-accounting-for-GYM-customers\src\views\schedule_window.py", line 13, in <module>
    from src.models.trainers import Trainer
ImportError: cannot import name 'Trainer' from 'src.models.trainers' (C:\Projects\py\IS-for-accounting-for-GYM-customers\src\models\trainers.py)
2025-12-11 10:25:31,404 ERROR setup_interface crashed
Traceback (most recent call last):
  File "C:\Projects\py\IS-for-accounting-for-GYM-customers\src\views\trainer_window.py", line 107, in __init__
    self.setup_interface()
    ~~~~~~~~~~~~~~~~~~~~^^
  File "C:\Projects\py\IS-for-accounting-for-GYM-customers\src\views\trainer_window.py", line 147, in setup_interface
    self.ui.TrainerTable
AttributeError: 'Ui_TrainerForm' object has no attribute 'TrainerTable'
2025-12-11 10:28:53,849 ERROR Unhandled exception
Traceback (most recent call last):
  File "C:\Projects\py\IS-for-accounting-for-GYM-customers\src\views\service_window.py", line 305, in on_schedule_clicked
    from src.views.schedule_window import ScheduleWindow
  File "C:\Projects\py\IS-for-accounting-for-GYM-customers\src\views\schedule_window.py", line 13, in <module>
    from src.models.trainers import Trainer
ImportError: cannot import name 'Trainer' from 'src.models.trainers' (C:\Projects\py\IS-for-accounting-for-GYM-customers\src\models\trainers.py)
2025-12-11 10:28:55,929 ERROR setup_interface crashed
Traceback (most recent call last):
  File "C:\Projects\py\IS-for-accounting-for-GYM-customers\src\views\trainer_window.py", line 107, in __init__
    self.setup_interface()
    ~~~~~~~~~~~~~~~~~~~~^^
  File "C:\Projects\py\IS-for-accounting-for-GYM-customers\src\views\trainer_window.py", line 147, in setup_interface
    self.ui.TrainerTable
AttributeError: 'Ui_TrainerForm' object has no attribute 'TrainerTable'
2025-12-11 10:28:57,814 ERROR setup_interface crashed
Traceback (most recent call last):
  File "C:\Projects\py\IS-for-accounting-for-GYM-customers\src\views\trainer_window.py", line 107, in __init__
    self.setup_interface()
    ~~~~~~~~~~~~~~~~~~~~^^
  File "C:\Projects\py\IS-for-accounting-for-GYM-customers\src\views\trainer_window.py", line 147, in setup_interface
    self.ui.TrainerTable
AttributeError: 'Ui_TrainerForm' object has no attribute 'TrainerTable'
2025-12-11 10:29:12,592 ERROR setup_interface crashed
Traceback (most recent call last):
  File "C:\Projects\py\IS-for-accounting-for-GYM-customers\src\views\trainer_window.py", line 107, in __init__
    self.setup_interface()
    ~~~~~~~~~~~~~~~~~~~~^^
  File "C:\Projects\py\IS-for-accounting-for-GYM-customers\src\views\trainer_window.py", line 147, in setup_interface
    self.ui.TrainerTable
AttributeError: 'Ui_TrainerForm' object has no attribute 'TrainerTable'
2025-12-11 10:29:17,741 ERROR setup_interface crashed
Traceback (most recent call last):
  File "C:\Projects\py\IS-for-accounting-for-GYM-customers\src\views\trainer_window.py", line 107, in __init__
    self.setup_interface()
    ~~~~~~~~~~~~~~~~~~~~^^
  File "C:\Projects\py\IS-for-accounting-for-GYM-customers\src\views\trainer_window.py", line 147, in setup_interface
    self.ui.TrainerTable
AttributeError: 'Ui_TrainerForm' object has no attribute 'TrainerTable'
2025-12-11 10:29:20,531 ERROR setup_interface crashed
Traceback (most recent call last):
  File "C:\Projects\py\IS-for-accounting-for-GYM-customers\src\views\trainer_window.py", line 107, in __init__
    self.setup_interface()
    ~~~~~~~~~~~~~~~~~~~~^^
  File "C:\Projects\py\IS-for-accounting-for-GYM-customers\src\views\trainer_window.py", line 147, in setup_interface
    self.ui.TrainerTable
AttributeError: 'Ui_TrainerForm' object has no attribute 'TrainerTable'
2025-12-11 10:29:27,921 ERROR setup_interface crashed
Traceback (most recent call last):
  File "C:\Projects\py\IS-for-accounting-for-GYM-customers\src\views\trainer_window.py", line 107, in __init__
    self.setup_interface()
    ~~~~~~~~~~~~~~~~~~~~^^
  File "C:\Projects\py\IS-for-accounting-for-GYM-customers\src\views\trainer_window.py", line 147, in setup_interface
    self.ui.TrainerTable
AttributeError: 'Ui_TrainerForm' object has no attribute 'TrainerTable'
2025-12-11 10:29:29,666 ERROR setup_interface crashed
Traceback (most recent call last):
  File "C:\Projects\py\IS-for-accounting-for-GYM-customers\src\views\trainer_window.py", line 107, in __init__
    self.setup_interface()
    ~~~~~~~~~~~~~~~~~~~~^^
  File "C:\Projects\py\IS-for-accounting-for-GYM-customers\src\views\trainer_window.py", line 147, in setup_interface
    self.ui.TrainerTable
AttributeError: 'Ui_TrainerForm' object has no attribute 'TrainerTable'
2025-12-11 10:55:23,454 ERROR Failed to populate row 0 in trainer table
Traceback (most recent call last):
  File "C:\Projects\py\IS-for-accounting-for-GYM-customers\src\views\trainer_window.py", line 194, in load_trainers
    item_last = QTableWidgetItem(str(row.get("last_name", "")))
                                     ^^^^^^^
AttributeError: 'tuple' object has no attribute 'get'
2025-12-11 10:55:23,466 ERROR Failed to populate row 1 in trainer table
Traceback (most recent call last):
  File "C:\Projects\py\IS-for-accounting-for-GYM-customers\src\views\trainer_window.py", line 194, in load_trainers
    item_last = QTableWidgetItem(str(row.get("last_name", "")))
                                     ^^^^^^^
AttributeError: 'tuple' object has no attribute 'get'
